<?xml version="1.0" encoding="UTF-8"?>
<!-- Generated by org.testng.reporters.JUnitXMLReporter -->
<testsuite ignored="0" hostname="DESKTOP-N2HSR8L" failures="1" tests="3" name="Error Validations Test" time="51.025" errors="0" timestamp="2022-09-13T22:51:35 IST">
  <testcase classname="ManishTestPractice.tests.ErrorValidationsTest" name="LoginErrorValidation" time="3.131">
    <skipped/>
  </testcase> <!-- LoginErrorValidation -->
  <testcase classname="ManishTestPractice.tests.ErrorValidationsTest" name="LoginErrorValidation" time="1.501">
    <failure type="java.lang.AssertionError" message="expected [Login Successfully] but found [Incorrect email or password]">
      <![CDATA[java.lang.AssertionError: expected [Login Successfully] but found [Incorrect email or password]
at ManishTestPractice.tests.ErrorValidationsTest.LoginErrorValidation(ErrorValidationsTest.java:24)
at java.base/java.util.ArrayList.forEach(ArrayList.java:1511)
... Removed 33 stack frames]]>
    </failure>
  </testcase> <!-- LoginErrorValidation -->
  <testcase classname="ManishTestPractice.tests.ErrorValidationsTest" name="ProductErrorValidation" time="3.239"/>
</testsuite> <!-- Error Validations Test -->
